STEADY STATE EQUILIBRIUM

CAPITAL        K       A       B       r    p.a.
            5.03    6.03    1.00    0.25    4.55
(in %)    300.82  360.82   60.00

LABOR          L      HH     INC       w
            5.33   33.21    0.72    1.00

GOODS          Y       C       I       G    DIFF
            8.35    4.76    2.01    1.59  -0.000
(in %)    100.00   56.93   24.07   19.00  -0.000

GOV         TAUC    TAUW    TAUR   TOTAL       G       B
            0.36    1.12    0.31    1.79    1.59    1.00
(in %)      4.27   13.36    3.75   21.38   19.00   60.00
(rate)      7.50   20.87   20.87

PENS        TAUP     PEN      PP
            0.66    0.36    0.66
(in %)     12.27   50.00    7.86

 IJ      CONS     LABOR  EARNINGS    INCOME    INCTAX      PENS    ASSETS    VAR(C)    VAR(L)    VAR(Y)     VALUE     IAMAX
  1     0.314     0.353     0.555     0.371     0.116    -0.068     0.000     0.219     0.000     0.251   -19.619         0
  2     0.396     0.412     0.903     0.610     0.190    -0.111     0.166     0.263     0.001     0.306   -17.490         3
  3     0.484     0.439     1.242     0.874     0.271    -0.152     1.092     0.303     0.001     0.363   -15.348        51
  4     0.559     0.410     1.297     0.980     0.300    -0.159     2.861     0.339     0.005     0.435   -13.247        69
  5     0.640     0.380     1.338     1.082     0.329    -0.164     4.756     0.369     0.015     0.527   -11.284        79
  6     0.714     0.321     1.196     1.065     0.320    -0.147     6.726     0.394     0.065     0.674    -9.447        86
  7     0.791     0.261     1.034     1.015     0.301    -0.127     8.216     0.410     0.074     0.729    -7.760        90
  8     0.870     0.193     0.824     0.908     0.266    -0.101     9.044     0.420     0.064     0.744    -6.203        92
  9     0.953     0.124     0.600     0.752     0.218    -0.074     8.908     0.424     0.118     0.914    -4.768        93
 10     1.004     0.000     0.000     0.298     0.079     0.500     7.547     0.326     0.000     0.000    -3.439        91
 11     1.140     0.000     0.000     0.242     0.064     0.500     6.141     0.327     0.000     0.000    -2.254        86
 12     1.295     0.000     0.000     0.147     0.039     0.500     3.725     0.327     0.000     0.000    -1.109        76
--------------------------------------------------------------------

