STEADY STATE EQUILIBRIUM

CAPITAL        K       A       B       r    p.a.
            6.68    7.68    1.00    0.16    3.03
(in %)    352.72  405.64   52.93

LABOR          L      HH     INC       w
            5.53   34.18    0.81    1.10

GOODS          Y       C       I       G    DIFF
            9.47    5.21    2.67    1.59  -0.000
(in %)    100.00   55.01   28.23   16.76  -0.000

GOV         TAUC    TAUW    TAUR   TOTAL       G       B
            1.70    0.00    0.00    1.70    1.59    1.00
(in %)     17.93    0.00    0.00   17.93   16.76   52.93
(rate)     32.59    0.00    0.00

PENS        TAUP     PEN      PP
            0.74    0.41    0.74
(in %)     12.27   50.00    7.86

 IJ      CONS     LABOR  EARNINGS    INCOME    INCTAX      PENS    ASSETS    VAR(C)    VAR(L)    VAR(Y)     VALUE     IAMAX
  1     0.378     0.335     0.571     0.501     0.000    -0.070     0.000     0.230     0.000     0.230   -18.984         0
  2     0.472     0.396     0.952     0.835     0.000    -0.117     0.000     0.262     0.001     0.310   -17.019         0
  3     0.569     0.432     1.339     1.209     0.000    -0.164     1.048     0.303     0.001     0.363   -15.044        56
  4     0.649     0.412     1.421     1.353     0.000    -0.174     3.317     0.340     0.003     0.429   -13.075        75
  5     0.734     0.390     1.495     1.498     0.000    -0.183     5.782     0.373     0.009     0.507   -11.209        85
  6     0.809     0.341     1.373     1.475     0.000    -0.168     8.401     0.401     0.045     0.655    -9.436        92
  7     0.884     0.290     1.232     1.417     0.000    -0.151    10.417     0.421     0.103     0.790    -7.785        96
  8     0.958     0.234     1.045     1.292     0.000    -0.128    11.640     0.434     0.060     0.743    -6.242        98
  9     1.033     0.176     0.849     1.124     0.000    -0.104    11.751     0.440     0.096     0.863    -4.800        98
 10     1.030     0.000     0.000     0.339     0.000     0.567    10.520     0.341     0.000     0.000    -3.447        97
 11     1.143     0.000     0.000     0.265     0.000     0.567     8.224     0.341     0.000     0.000    -2.269        92
 12     1.269     0.000     0.000     0.155     0.000     0.567     4.805     0.341     0.000     0.000    -1.120        81
--------------------------------------------------------------------

